<?xml version="1.0" encoding="UTF-8"?>
<testsuite xmlns:xsi="http://www.w3.org/2001/XMLSchema-instance" xsi:noNamespaceSchemaLocation="https://maven.apache.org/surefire/maven-surefire-plugin/xsd/surefire-test-report-3.0.xsd" version="3.0" name="TestSuite" time="81.628" tests="4" errors="0" skipped="1" failures="3">
  <properties>
    <property name="sun.desktop" value="windows"/>
    <property name="awt.toolkit" value="sun.awt.windows.WToolkit"/>
    <property name="file.encoding.pkg" value="sun.io"/>
    <property name="java.specification.version" value="1.8"/>
    <property name="webdriver.chrome.driver" value="D:\Ashish\driverexes\chromedriver.exe"/>
    <property name="sun.cpu.isalist" value="amd64"/>
    <property name="sun.jnu.encoding" value="Cp1252"/>
    <property name="java.class.path" value="C:\Users\Abhishek Puri\workspace\Sept2022\SuiteCRM\target\test-classes;C:\Users\Abhishek Puri\workspace\Sept2022\SuiteCRM\target\classes;C:\Users\Abhishek Puri\.m2\repository\commons-io\commons-io\2.8.0\commons-io-2.8.0.jar;C:\Users\Abhishek Puri\.m2\repository\com\google\guava\guava\21.0\guava-21.0.jar;C:\Users\Abhishek Puri\.m2\repository\org\testng\testng\7.0.0\testng-7.0.0.jar;C:\Users\Abhishek Puri\.m2\repository\com\beust\jcommander\1.72\jcommander-1.72.jar;C:\Users\Abhishek Puri\.m2\repository\org\seleniumhq\selenium\selenium-java\4.0.0-alpha-7\selenium-java-4.0.0-alpha-7.jar;C:\Users\Abhishek Puri\.m2\repository\org\seleniumhq\selenium\selenium-api\4.0.0-alpha-7\selenium-api-4.0.0-alpha-7.jar;C:\Users\Abhishek Puri\.m2\repository\org\seleniumhq\selenium\selenium-chrome-driver\4.0.0-alpha-7\selenium-chrome-driver-4.0.0-alpha-7.jar;C:\Users\Abhishek Puri\.m2\repository\com\google\auto\service\auto-service-annotations\1.0-rc7\auto-service-annotations-1.0-rc7.jar;C:\Users\Abhishek Puri\.m2\repository\com\google\auto\service\auto-service\1.0-rc7\auto-service-1.0-rc7.jar;C:\Users\Abhishek Puri\.m2\repository\com\google\auto\auto-common\0.10\auto-common-0.10.jar;C:\Users\Abhishek Puri\.m2\repository\org\seleniumhq\selenium\selenium-chromium-driver\4.0.0-alpha-7\selenium-chromium-driver-4.0.0-alpha-7.jar;C:\Users\Abhishek Puri\.m2\repository\org\seleniumhq\selenium\selenium-devtools\4.0.0-alpha-7\selenium-devtools-4.0.0-alpha-7.jar;C:\Users\Abhishek Puri\.m2\repository\org\seleniumhq\selenium\selenium-http\4.0.0-alpha-7\selenium-http-4.0.0-alpha-7.jar;C:\Users\Abhishek Puri\.m2\repository\org\seleniumhq\selenium\selenium-json\4.0.0-alpha-7\selenium-json-4.0.0-alpha-7.jar;C:\Users\Abhishek Puri\.m2\repository\org\seleniumhq\selenium\selenium-devtools-v84\4.0.0-alpha-7\selenium-devtools-v84-4.0.0-alpha-7.jar;C:\Users\Abhishek Puri\.m2\repository\org\seleniumhq\selenium\selenium-devtools-v85\4.0.0-alpha-7\selenium-devtools-v85-4.0.0-alpha-7.jar;C:\Users\Abhishek Puri\.m2\repository\org\seleniumhq\selenium\selenium-devtools-v86\4.0.0-alpha-7\selenium-devtools-v86-4.0.0-alpha-7.jar;C:\Users\Abhishek Puri\.m2\repository\org\seleniumhq\selenium\selenium-devtools-v87\4.0.0-alpha-7\selenium-devtools-v87-4.0.0-alpha-7.jar;C:\Users\Abhishek Puri\.m2\repository\org\seleniumhq\selenium\selenium-edge-driver\4.0.0-alpha-7\selenium-edge-driver-4.0.0-alpha-7.jar;C:\Users\Abhishek Puri\.m2\repository\org\seleniumhq\selenium\selenium-edgehtml-driver\4.0.0-alpha-7\selenium-edgehtml-driver-4.0.0-alpha-7.jar;C:\Users\Abhishek Puri\.m2\repository\org\seleniumhq\selenium\selenium-firefox-driver\4.0.0-alpha-7\selenium-firefox-driver-4.0.0-alpha-7.jar;C:\Users\Abhishek Puri\.m2\repository\org\seleniumhq\selenium\selenium-firefox-xpi-driver\4.0.0-alpha-7\selenium-firefox-xpi-driver-4.0.0-alpha-7.jar;C:\Users\Abhishek Puri\.m2\repository\org\seleniumhq\selenium\selenium-ie-driver\4.0.0-alpha-7\selenium-ie-driver-4.0.0-alpha-7.jar;C:\Users\Abhishek Puri\.m2\repository\org\seleniumhq\selenium\selenium-opera-driver\4.0.0-alpha-7\selenium-opera-driver-4.0.0-alpha-7.jar;C:\Users\Abhishek Puri\.m2\repository\org\seleniumhq\selenium\selenium-remote-driver\4.0.0-alpha-7\selenium-remote-driver-4.0.0-alpha-7.jar;C:\Users\Abhishek Puri\.m2\repository\com\typesafe\netty\netty-reactive-streams\2.0.4\netty-reactive-streams-2.0.4.jar;C:\Users\Abhishek Puri\.m2\repository\io\netty\netty-handler\4.1.43.Final\netty-handler-4.1.43.Final.jar;C:\Users\Abhishek Puri\.m2\repository\io\grpc\grpc-context\1.32.1\grpc-context-1.32.1.jar;C:\Users\Abhishek Puri\.m2\repository\io\netty\netty-buffer\4.1.53.Final\netty-buffer-4.1.53.Final.jar;C:\Users\Abhishek Puri\.m2\repository\io\netty\netty-codec-http\4.1.53.Final\netty-codec-http-4.1.53.Final.jar;C:\Users\Abhishek Puri\.m2\repository\io\netty\netty-codec\4.1.53.Final\netty-codec-4.1.53.Final.jar;C:\Users\Abhishek Puri\.m2\repository\io\netty\netty-common\4.1.53.Final\netty-common-4.1.53.Final.jar;C:\Users\Abhishek Puri\.m2\repository\io\netty\netty-transport-native-epoll\4.1.53.Final\netty-transport-native-epoll-4.1.53.Final.jar;C:\Users\Abhishek Puri\.m2\repository\io\netty\netty-transport-native-epoll\4.1.53.Final\netty-transport-native-epoll-4.1.53.Final-linux-x86_64.jar;C:\Users\Abhishek Puri\.m2\repository\io\netty\netty-transport-native-kqueue\4.1.53.Final\netty-transport-native-kqueue-4.1.53.Final.jar;C:\Users\Abhishek Puri\.m2\repository\io\netty\netty-transport-native-kqueue\4.1.53.Final\netty-transport-native-kqueue-4.1.53.Final-osx-x86_64.jar;C:\Users\Abhishek Puri\.m2\repository\io\netty\netty-transport-native-unix-common\4.1.53.Final\netty-transport-native-unix-common-4.1.53.Final.jar;C:\Users\Abhishek Puri\.m2\repository\io\netty\netty-transport\4.1.53.Final\netty-transport-4.1.53.Final.jar;C:\Users\Abhishek Puri\.m2\repository\io\netty\netty-resolver\4.1.53.Final\netty-resolver-4.1.53.Final.jar;C:\Users\Abhishek Puri\.m2\repository\io\opentelemetry\opentelemetry-api\0.9.1\opentelemetry-api-0.9.1.jar;C:\Users\Abhishek Puri\.m2\repository\io\opentelemetry\opentelemetry-context-prop\0.9.1\opentelemetry-context-prop-0.9.1.jar;C:\Users\Abhishek Puri\.m2\repository\io\opentelemetry\opentelemetry-sdk\0.9.1\opentelemetry-sdk-0.9.1.jar;C:\Users\Abhishek Puri\.m2\repository\io\opentelemetry\opentelemetry-sdk-common\0.9.1\opentelemetry-sdk-common-0.9.1.jar;C:\Users\Abhishek Puri\.m2\repository\io\opentelemetry\opentelemetry-sdk-baggage\0.9.1\opentelemetry-sdk-baggage-0.9.1.jar;C:\Users\Abhishek Puri\.m2\repository\io\opentelemetry\opentelemetry-sdk-metrics\0.9.1\opentelemetry-sdk-metrics-0.9.1.jar;C:\Users\Abhishek Puri\.m2\repository\io\opentelemetry\opentelemetry-sdk-tracing\0.9.1\opentelemetry-sdk-tracing-0.9.1.jar;C:\Users\Abhishek Puri\.m2\repository\io\projectreactor\netty\reactor-netty-http\1.0.0\reactor-netty-http-1.0.0.jar;C:\Users\Abhishek Puri\.m2\repository\io\netty\netty-codec-http2\4.1.53.Final\netty-codec-http2-4.1.53.Final.jar;C:\Users\Abhishek Puri\.m2\repository\io\netty\netty-resolver-dns\4.1.53.Final\netty-resolver-dns-4.1.53.Final.jar;C:\Users\Abhishek Puri\.m2\repository\io\netty\netty-codec-dns\4.1.53.Final\netty-codec-dns-4.1.53.Final.jar;C:\Users\Abhishek Puri\.m2\repository\io\projectreactor\netty\reactor-netty-core\1.0.0\reactor-netty-core-1.0.0.jar;C:\Users\Abhishek Puri\.m2\repository\io\projectreactor\netty\reactor-netty\1.0.0\reactor-netty-1.0.0.jar;C:\Users\Abhishek Puri\.m2\repository\io\projectreactor\netty\reactor-netty-http-brave\1.0.0\reactor-netty-http-brave-1.0.0.jar;C:\Users\Abhishek Puri\.m2\repository\io\zipkin\brave\brave-instrumentation-http\5.12.7\brave-instrumentation-http-5.12.7.jar;C:\Users\Abhishek Puri\.m2\repository\io\zipkin\brave\brave\5.12.7\brave-5.12.7.jar;C:\Users\Abhishek Puri\.m2\repository\io\zipkin\reporter2\zipkin-reporter-brave\2.15.2\zipkin-reporter-brave-2.15.2.jar;C:\Users\Abhishek Puri\.m2\repository\io\zipkin\reporter2\zipkin-reporter\2.15.2\zipkin-reporter-2.15.2.jar;C:\Users\Abhishek Puri\.m2\repository\io\zipkin\zipkin2\zipkin\2.21.7\zipkin-2.21.7.jar;C:\Users\Abhishek Puri\.m2\repository\io\projectreactor\reactor-core\3.4.0\reactor-core-3.4.0.jar;C:\Users\Abhishek Puri\.m2\repository\net\bytebuddy\byte-buddy\1.10.18\byte-buddy-1.10.18.jar;C:\Users\Abhishek Puri\.m2\repository\org\apache\commons\commons-exec\1.3\commons-exec-1.3.jar;C:\Users\Abhishek Puri\.m2\repository\org\asynchttpclient\async-http-client\2.12.1\async-http-client-2.12.1.jar;C:\Users\Abhishek Puri\.m2\repository\org\asynchttpclient\async-http-client-netty-utils\2.12.1\async-http-client-netty-utils-2.12.1.jar;C:\Users\Abhishek Puri\.m2\repository\io\netty\netty-codec-socks\4.1.48.Final\netty-codec-socks-4.1.48.Final.jar;C:\Users\Abhishek Puri\.m2\repository\io\netty\netty-handler-proxy\4.1.48.Final\netty-handler-proxy-4.1.48.Final.jar;C:\Users\Abhishek Puri\.m2\repository\org\slf4j\slf4j-api\1.7.30\slf4j-api-1.7.30.jar;C:\Users\Abhishek Puri\.m2\repository\com\sun\activation\javax.activation\1.2.0\javax.activation-1.2.0.jar;C:\Users\Abhishek Puri\.m2\repository\org\seleniumhq\selenium\selenium-safari-driver\4.0.0-alpha-7\selenium-safari-driver-4.0.0-alpha-7.jar;C:\Users\Abhishek Puri\.m2\repository\org\seleniumhq\selenium\selenium-support\4.0.0-alpha-7\selenium-support-4.0.0-alpha-7.jar;C:\Users\Abhishek Puri\.m2\repository\com\aventstack\extentreports\5.0.4\extentreports-5.0.4.jar;C:\Users\Abhishek Puri\.m2\repository\io\reactivex\rxjava3\rxjava\3.0.4\rxjava-3.0.4.jar;C:\Users\Abhishek Puri\.m2\repository\org\reactivestreams\reactive-streams\1.0.3\reactive-streams-1.0.3.jar;C:\Users\Abhishek Puri\.m2\repository\org\freemarker\freemarker\2.3.30\freemarker-2.3.30.jar;C:\Users\Abhishek Puri\.m2\repository\org\projectlombok\lombok\1.18.12\lombok-1.18.12.jar;C:\Users\Abhishek Puri\.m2\repository\com\google\code\gson\gson\2.8.6\gson-2.8.6.jar;C:\Users\Abhishek Puri\.m2\repository\com\googlecode\json-simple\json-simple\1.1.1\json-simple-1.1.1.jar;C:\Users\Abhishek Puri\.m2\repository\junit\junit\4.10\junit-4.10.jar;C:\Users\Abhishek Puri\.m2\repository\org\hamcrest\hamcrest-core\1.1\hamcrest-core-1.1.jar;"/>
    <property name="java.vm.vendor" value="Oracle Corporation"/>
    <property name="sun.arch.data.model" value="64"/>
    <property name="user.variant" value=""/>
    <property name="java.vendor.url" value="http://java.oracle.com/"/>
    <property name="user.timezone" value="Asia/Calcutta"/>
    <property name="java.vm.specification.version" value="1.8"/>
    <property name="os.name" value="Windows 10"/>
    <property name="user.country" value="IN"/>
    <property name="sun.java.launcher" value="SUN_STANDARD"/>
    <property name="sun.boot.library.path" value="C:\Program Files\Java\jdk1.8.0_301\jre\bin"/>
    <property name="sun.java.command" value="C:\Users\Abhishek Puri\AppData\Local\Temp\surefire7935558579004579543\surefirebooter2188725655255957569.jar C:\Users\Abhishek Puri\AppData\Local\Temp\surefire7935558579004579543 2022-10-19T07-30-50_961-jvmRun1 surefire406291519182467853tmp surefire_08501812720404590294tmp"/>
    <property name="surefire.test.class.path" value="C:\Users\Abhishek Puri\workspace\Sept2022\SuiteCRM\target\test-classes;C:\Users\Abhishek Puri\workspace\Sept2022\SuiteCRM\target\classes;C:\Users\Abhishek Puri\.m2\repository\commons-io\commons-io\2.8.0\commons-io-2.8.0.jar;C:\Users\Abhishek Puri\.m2\repository\com\google\guava\guava\21.0\guava-21.0.jar;C:\Users\Abhishek Puri\.m2\repository\org\testng\testng\7.0.0\testng-7.0.0.jar;C:\Users\Abhishek Puri\.m2\repository\com\beust\jcommander\1.72\jcommander-1.72.jar;C:\Users\Abhishek Puri\.m2\repository\org\seleniumhq\selenium\selenium-java\4.0.0-alpha-7\selenium-java-4.0.0-alpha-7.jar;C:\Users\Abhishek Puri\.m2\repository\org\seleniumhq\selenium\selenium-api\4.0.0-alpha-7\selenium-api-4.0.0-alpha-7.jar;C:\Users\Abhishek Puri\.m2\repository\org\seleniumhq\selenium\selenium-chrome-driver\4.0.0-alpha-7\selenium-chrome-driver-4.0.0-alpha-7.jar;C:\Users\Abhishek Puri\.m2\repository\com\google\auto\service\auto-service-annotations\1.0-rc7\auto-service-annotations-1.0-rc7.jar;C:\Users\Abhishek Puri\.m2\repository\com\google\auto\service\auto-service\1.0-rc7\auto-service-1.0-rc7.jar;C:\Users\Abhishek Puri\.m2\repository\com\google\auto\auto-common\0.10\auto-common-0.10.jar;C:\Users\Abhishek Puri\.m2\repository\org\seleniumhq\selenium\selenium-chromium-driver\4.0.0-alpha-7\selenium-chromium-driver-4.0.0-alpha-7.jar;C:\Users\Abhishek Puri\.m2\repository\org\seleniumhq\selenium\selenium-devtools\4.0.0-alpha-7\selenium-devtools-4.0.0-alpha-7.jar;C:\Users\Abhishek Puri\.m2\repository\org\seleniumhq\selenium\selenium-http\4.0.0-alpha-7\selenium-http-4.0.0-alpha-7.jar;C:\Users\Abhishek Puri\.m2\repository\org\seleniumhq\selenium\selenium-json\4.0.0-alpha-7\selenium-json-4.0.0-alpha-7.jar;C:\Users\Abhishek Puri\.m2\repository\org\seleniumhq\selenium\selenium-devtools-v84\4.0.0-alpha-7\selenium-devtools-v84-4.0.0-alpha-7.jar;C:\Users\Abhishek Puri\.m2\repository\org\seleniumhq\selenium\selenium-devtools-v85\4.0.0-alpha-7\selenium-devtools-v85-4.0.0-alpha-7.jar;C:\Users\Abhishek Puri\.m2\repository\org\seleniumhq\selenium\selenium-devtools-v86\4.0.0-alpha-7\selenium-devtools-v86-4.0.0-alpha-7.jar;C:\Users\Abhishek Puri\.m2\repository\org\seleniumhq\selenium\selenium-devtools-v87\4.0.0-alpha-7\selenium-devtools-v87-4.0.0-alpha-7.jar;C:\Users\Abhishek Puri\.m2\repository\org\seleniumhq\selenium\selenium-edge-driver\4.0.0-alpha-7\selenium-edge-driver-4.0.0-alpha-7.jar;C:\Users\Abhishek Puri\.m2\repository\org\seleniumhq\selenium\selenium-edgehtml-driver\4.0.0-alpha-7\selenium-edgehtml-driver-4.0.0-alpha-7.jar;C:\Users\Abhishek Puri\.m2\repository\org\seleniumhq\selenium\selenium-firefox-driver\4.0.0-alpha-7\selenium-firefox-driver-4.0.0-alpha-7.jar;C:\Users\Abhishek Puri\.m2\repository\org\seleniumhq\selenium\selenium-firefox-xpi-driver\4.0.0-alpha-7\selenium-firefox-xpi-driver-4.0.0-alpha-7.jar;C:\Users\Abhishek Puri\.m2\repository\org\seleniumhq\selenium\selenium-ie-driver\4.0.0-alpha-7\selenium-ie-driver-4.0.0-alpha-7.jar;C:\Users\Abhishek Puri\.m2\repository\org\seleniumhq\selenium\selenium-opera-driver\4.0.0-alpha-7\selenium-opera-driver-4.0.0-alpha-7.jar;C:\Users\Abhishek Puri\.m2\repository\org\seleniumhq\selenium\selenium-remote-driver\4.0.0-alpha-7\selenium-remote-driver-4.0.0-alpha-7.jar;C:\Users\Abhishek Puri\.m2\repository\com\typesafe\netty\netty-reactive-streams\2.0.4\netty-reactive-streams-2.0.4.jar;C:\Users\Abhishek Puri\.m2\repository\io\netty\netty-handler\4.1.43.Final\netty-handler-4.1.43.Final.jar;C:\Users\Abhishek Puri\.m2\repository\io\grpc\grpc-context\1.32.1\grpc-context-1.32.1.jar;C:\Users\Abhishek Puri\.m2\repository\io\netty\netty-buffer\4.1.53.Final\netty-buffer-4.1.53.Final.jar;C:\Users\Abhishek Puri\.m2\repository\io\netty\netty-codec-http\4.1.53.Final\netty-codec-http-4.1.53.Final.jar;C:\Users\Abhishek Puri\.m2\repository\io\netty\netty-codec\4.1.53.Final\netty-codec-4.1.53.Final.jar;C:\Users\Abhishek Puri\.m2\repository\io\netty\netty-common\4.1.53.Final\netty-common-4.1.53.Final.jar;C:\Users\Abhishek Puri\.m2\repository\io\netty\netty-transport-native-epoll\4.1.53.Final\netty-transport-native-epoll-4.1.53.Final.jar;C:\Users\Abhishek Puri\.m2\repository\io\netty\netty-transport-native-epoll\4.1.53.Final\netty-transport-native-epoll-4.1.53.Final-linux-x86_64.jar;C:\Users\Abhishek Puri\.m2\repository\io\netty\netty-transport-native-kqueue\4.1.53.Final\netty-transport-native-kqueue-4.1.53.Final.jar;C:\Users\Abhishek Puri\.m2\repository\io\netty\netty-transport-native-kqueue\4.1.53.Final\netty-transport-native-kqueue-4.1.53.Final-osx-x86_64.jar;C:\Users\Abhishek Puri\.m2\repository\io\netty\netty-transport-native-unix-common\4.1.53.Final\netty-transport-native-unix-common-4.1.53.Final.jar;C:\Users\Abhishek Puri\.m2\repository\io\netty\netty-transport\4.1.53.Final\netty-transport-4.1.53.Final.jar;C:\Users\Abhishek Puri\.m2\repository\io\netty\netty-resolver\4.1.53.Final\netty-resolver-4.1.53.Final.jar;C:\Users\Abhishek Puri\.m2\repository\io\opentelemetry\opentelemetry-api\0.9.1\opentelemetry-api-0.9.1.jar;C:\Users\Abhishek Puri\.m2\repository\io\opentelemetry\opentelemetry-context-prop\0.9.1\opentelemetry-context-prop-0.9.1.jar;C:\Users\Abhishek Puri\.m2\repository\io\opentelemetry\opentelemetry-sdk\0.9.1\opentelemetry-sdk-0.9.1.jar;C:\Users\Abhishek Puri\.m2\repository\io\opentelemetry\opentelemetry-sdk-common\0.9.1\opentelemetry-sdk-common-0.9.1.jar;C:\Users\Abhishek Puri\.m2\repository\io\opentelemetry\opentelemetry-sdk-baggage\0.9.1\opentelemetry-sdk-baggage-0.9.1.jar;C:\Users\Abhishek Puri\.m2\repository\io\opentelemetry\opentelemetry-sdk-metrics\0.9.1\opentelemetry-sdk-metrics-0.9.1.jar;C:\Users\Abhishek Puri\.m2\repository\io\opentelemetry\opentelemetry-sdk-tracing\0.9.1\opentelemetry-sdk-tracing-0.9.1.jar;C:\Users\Abhishek Puri\.m2\repository\io\projectreactor\netty\reactor-netty-http\1.0.0\reactor-netty-http-1.0.0.jar;C:\Users\Abhishek Puri\.m2\repository\io\netty\netty-codec-http2\4.1.53.Final\netty-codec-http2-4.1.53.Final.jar;C:\Users\Abhishek Puri\.m2\repository\io\netty\netty-resolver-dns\4.1.53.Final\netty-resolver-dns-4.1.53.Final.jar;C:\Users\Abhishek Puri\.m2\repository\io\netty\netty-codec-dns\4.1.53.Final\netty-codec-dns-4.1.53.Final.jar;C:\Users\Abhishek Puri\.m2\repository\io\projectreactor\netty\reactor-netty-core\1.0.0\reactor-netty-core-1.0.0.jar;C:\Users\Abhishek Puri\.m2\repository\io\projectreactor\netty\reactor-netty\1.0.0\reactor-netty-1.0.0.jar;C:\Users\Abhishek Puri\.m2\repository\io\projectreactor\netty\reactor-netty-http-brave\1.0.0\reactor-netty-http-brave-1.0.0.jar;C:\Users\Abhishek Puri\.m2\repository\io\zipkin\brave\brave-instrumentation-http\5.12.7\brave-instrumentation-http-5.12.7.jar;C:\Users\Abhishek Puri\.m2\repository\io\zipkin\brave\brave\5.12.7\brave-5.12.7.jar;C:\Users\Abhishek Puri\.m2\repository\io\zipkin\reporter2\zipkin-reporter-brave\2.15.2\zipkin-reporter-brave-2.15.2.jar;C:\Users\Abhishek Puri\.m2\repository\io\zipkin\reporter2\zipkin-reporter\2.15.2\zipkin-reporter-2.15.2.jar;C:\Users\Abhishek Puri\.m2\repository\io\zipkin\zipkin2\zipkin\2.21.7\zipkin-2.21.7.jar;C:\Users\Abhishek Puri\.m2\repository\io\projectreactor\reactor-core\3.4.0\reactor-core-3.4.0.jar;C:\Users\Abhishek Puri\.m2\repository\net\bytebuddy\byte-buddy\1.10.18\byte-buddy-1.10.18.jar;C:\Users\Abhishek Puri\.m2\repository\org\apache\commons\commons-exec\1.3\commons-exec-1.3.jar;C:\Users\Abhishek Puri\.m2\repository\org\asynchttpclient\async-http-client\2.12.1\async-http-client-2.12.1.jar;C:\Users\Abhishek Puri\.m2\repository\org\asynchttpclient\async-http-client-netty-utils\2.12.1\async-http-client-netty-utils-2.12.1.jar;C:\Users\Abhishek Puri\.m2\repository\io\netty\netty-codec-socks\4.1.48.Final\netty-codec-socks-4.1.48.Final.jar;C:\Users\Abhishek Puri\.m2\repository\io\netty\netty-handler-proxy\4.1.48.Final\netty-handler-proxy-4.1.48.Final.jar;C:\Users\Abhishek Puri\.m2\repository\org\slf4j\slf4j-api\1.7.30\slf4j-api-1.7.30.jar;C:\Users\Abhishek Puri\.m2\repository\com\sun\activation\javax.activation\1.2.0\javax.activation-1.2.0.jar;C:\Users\Abhishek Puri\.m2\repository\org\seleniumhq\selenium\selenium-safari-driver\4.0.0-alpha-7\selenium-safari-driver-4.0.0-alpha-7.jar;C:\Users\Abhishek Puri\.m2\repository\org\seleniumhq\selenium\selenium-support\4.0.0-alpha-7\selenium-support-4.0.0-alpha-7.jar;C:\Users\Abhishek Puri\.m2\repository\com\aventstack\extentreports\5.0.4\extentreports-5.0.4.jar;C:\Users\Abhishek Puri\.m2\repository\io\reactivex\rxjava3\rxjava\3.0.4\rxjava-3.0.4.jar;C:\Users\Abhishek Puri\.m2\repository\org\reactivestreams\reactive-streams\1.0.3\reactive-streams-1.0.3.jar;C:\Users\Abhishek Puri\.m2\repository\org\freemarker\freemarker\2.3.30\freemarker-2.3.30.jar;C:\Users\Abhishek Puri\.m2\repository\org\projectlombok\lombok\1.18.12\lombok-1.18.12.jar;C:\Users\Abhishek Puri\.m2\repository\com\google\code\gson\gson\2.8.6\gson-2.8.6.jar;C:\Users\Abhishek Puri\.m2\repository\com\googlecode\json-simple\json-simple\1.1.1\json-simple-1.1.1.jar;C:\Users\Abhishek Puri\.m2\repository\junit\junit\4.10\junit-4.10.jar;C:\Users\Abhishek Puri\.m2\repository\org\hamcrest\hamcrest-core\1.1\hamcrest-core-1.1.jar;"/>
    <property name="sun.cpu.endian" value="little"/>
    <property name="user.home" value="C:\Users\Abhishek Puri"/>
    <property name="user.language" value="en"/>
    <property name="java.specification.vendor" value="Oracle Corporation"/>
    <property name="java.home" value="C:\Program Files\Java\jdk1.8.0_301\jre"/>
    <property name="basedir" value="C:\Users\Abhishek Puri\workspace\Sept2022\SuiteCRM"/>
    <property name="file.separator" value="\"/>
    <property name="line.separator" value="&#10;"/>
    <property name="java.vm.specification.vendor" value="Oracle Corporation"/>
    <property name="java.specification.name" value="Java Platform API Specification"/>
    <property name="java.awt.graphicsenv" value="sun.awt.Win32GraphicsEnvironment"/>
    <property name="surefire.real.class.path" value="C:\Users\Abhishek Puri\AppData\Local\Temp\surefire7935558579004579543\surefirebooter2188725655255957569.jar"/>
    <property name="sun.boot.class.path" value="C:\Program Files\Java\jdk1.8.0_301\jre\lib\resources.jar;C:\Program Files\Java\jdk1.8.0_301\jre\lib\rt.jar;C:\Program Files\Java\jdk1.8.0_301\jre\lib\sunrsasign.jar;C:\Program Files\Java\jdk1.8.0_301\jre\lib\jsse.jar;C:\Program Files\Java\jdk1.8.0_301\jre\lib\jce.jar;C:\Program Files\Java\jdk1.8.0_301\jre\lib\charsets.jar;C:\Program Files\Java\jdk1.8.0_301\jre\lib\jfr.jar;C:\Program Files\Java\jdk1.8.0_301\jre\classes"/>
    <property name="user.script" value=""/>
    <property name="sun.management.compiler" value="HotSpot 64-Bit Tiered Compilers"/>
    <property name="java.runtime.version" value="1.8.0_301-b09"/>
    <property name="user.name" value="Abhishek Puri"/>
    <property name="path.separator" value=";"/>
    <property name="os.version" value="10.0"/>
    <property name="java.endorsed.dirs" value="C:\Program Files\Java\jdk1.8.0_301\jre\lib\endorsed"/>
    <property name="java.runtime.name" value="Java(TM) SE Runtime Environment"/>
    <property name="file.encoding" value="Cp1252"/>
    <property name="sun.nio.ch.bugLevel" value=""/>
    <property name="java.vm.name" value="Java HotSpot(TM) 64-Bit Server VM"/>
    <property name="localRepository" value="C:\Users\Abhishek Puri\.m2\repository"/>
    <property name="java.vendor.url.bug" value="http://bugreport.sun.com/bugreport/"/>
    <property name="java.io.tmpdir" value="C:\Users\ABHISH~1\AppData\Local\Temp\"/>
    <property name="java.version" value="1.8.0_301"/>
    <property name="user.dir" value="C:\Users\Abhishek Puri\workspace\Sept2022\SuiteCRM"/>
    <property name="os.arch" value="amd64"/>
    <property name="java.vm.specification.name" value="Java Virtual Machine Specification"/>
    <property name="java.awt.printerjob" value="sun.awt.windows.WPrinterJob"/>
    <property name="sun.os.patch.level" value=""/>
    <property name="java.library.path" value="C:\Program Files\Java\jdk1.8.0_301\jre\bin;C:\Windows\Sun\Java\bin;C:\Windows\system32;C:\Windows;C:\Program Files (x86)\Common Files\Oracle\Java\javapath;C:\Program Files\Java\jre1.8.0_301\bin;C:\Windows\system32;C:\Windows;C:\Windows\System32\Wbem;C:\Windows\System32\WindowsPowerShell\v1.0\;C:\Windows\System32\OpenSSH\;D:\Jaspreet\allure-2.13.5\bin;C:\Program Files\Git\cmd;D:\Ashish\apache-maven-3.8.4\bin;C:\Program Files\Microsoft SQL Server\150\Tools\Binn\;C:\Program Files\Microsoft SQL Server\130\Tools\Binn\;C:\Android;C:\Program Files (x86)\Bitvise SSH Client;D:\Ashish\driverexes\exes;C:\Users\Abhishek Puri\AppData\Local\Programs\Python\Python39\Scripts\;C:\Users\Abhishek Puri\AppData\Local\Programs\Python\Python39\;C:\Users\Abhishek Puri\AppData\Local\Microsoft\WindowsApps;C:\flutter\bin;C:\Users\Abhishek Puri\AppData\Local\JetBrains\Toolbox\scripts;."/>
    <property name="java.vm.info" value="mixed mode"/>
    <property name="java.vendor" value="Oracle Corporation"/>
    <property name="java.vm.version" value="25.301-b09"/>
    <property name="java.ext.dirs" value="C:\Program Files\Java\jdk1.8.0_301\jre\lib\ext;C:\Windows\Sun\Java\lib\ext"/>
    <property name="sun.io.unicode.encoding" value="UnicodeLittle"/>
    <property name="java.class.version" value="52.0"/>
  </properties>
  <testcase name="doLogin" classname="testcases.LoginTest" time="22.699">
    <failure message="The following asserts failed:&#10;	User could not login" type="java.lang.AssertionError"><![CDATA[java.lang.AssertionError: 
The following asserts failed:
	User could not login
	at testcases.LoginTest.doLogin(LoginTest.java:46)
]]></failure>
    <system-out><![CDATA[{"test_data":[{"runmode":"Y","password":"will","username":"will"}]}
1
ApplicationKeywords constructor
https://suite8demo.suiteondemand.com
https://suite8demo.suiteondemand.com
null
]]></system-out>
    <system-err><![CDATA[SLF4J: Failed to load class "org.slf4j.impl.StaticLoggerBinder".
SLF4J: Defaulting to no-operation (NOP) logger implementation
SLF4J: See http://www.slf4j.org/codes.html#StaticLoggerBinder for further details.
Starting ChromeDriver 105.0.5195.52 (412c95e518836d8a7d97250d62b29c2ae6a26a85-refs/branch-heads/5195@{#853}) on port 43624
Only local connections are allowed.
Please see https://chromedriver.chromium.org/security-considerations for suggestions on keeping ChromeDriver safe.
ChromeDriver was started successfully.
Oct 19, 2022 7:30:59 AM org.openqa.selenium.remote.ProtocolHandshake createSession
INFO: Detected dialect: W3C
Oct 19, 2022 7:30:59 AM org.openqa.selenium.devtools.CdpVersionFinder findNearestMatch
WARNING: Unable to find an exact match for CDP version 105, so returning the closest version found: a no-op implementation
Oct 19, 2022 7:30:59 AM org.openqa.selenium.devtools.CdpVersionFinder findNearestMatch
INFO: Unable to find CDP implementation matching 105.
Oct 19, 2022 7:30:59 AM org.openqa.selenium.chromium.ChromiumDriver lambda$new$0
WARNING: Unable to find version of CDP to use for . You may need to include a dependency on a specific version of the CDP using something similar to `org.seleniumhq.selenium:selenium-devtools-v86:4.0.0-alpha-7` where the version ("v86") matches the version of the chromium-based browser you're using and the version number of the artifact is the same as Selenium's.
]]></system-err>
  </testcase>
  <testcase name="createLeadTest" classname="testcases.CreateLeadTest" time="22.622">
    <failure message="The following asserts failed:&#10;	Element not present username_name" type="java.lang.AssertionError"><![CDATA[java.lang.AssertionError: 
The following asserts failed:
	Element not present username_name
	at testcases.CreateLeadTest.createLeadTest(CreateLeadTest.java:41)
]]></failure>
    <system-out><![CDATA[{"test_data":[{"runmode":"Y","last_name":"Thakur","first_name":"Ashish"},{"runmode":"N","last_name":"Thakur","first_name":"Ashish"}]}
2
ApplicationKeywords constructor
https://suite8demo.suiteondemand.com
https://suite8demo.suiteondemand.com
null
]]></system-out>
    <system-err><![CDATA[Starting ChromeDriver 105.0.5195.52 (412c95e518836d8a7d97250d62b29c2ae6a26a85-refs/branch-heads/5195@{#853}) on port 38159
Only local connections are allowed.
Please see https://chromedriver.chromium.org/security-considerations for suggestions on keeping ChromeDriver safe.
ChromeDriver was started successfully.
Oct 19, 2022 7:31:20 AM org.openqa.selenium.remote.ProtocolHandshake createSession
INFO: Detected dialect: W3C
Oct 19, 2022 7:31:20 AM org.openqa.selenium.devtools.CdpVersionFinder findNearestMatch
WARNING: Unable to find an exact match for CDP version 105, so returning the closest version found: a no-op implementation
Oct 19, 2022 7:31:20 AM org.openqa.selenium.devtools.CdpVersionFinder findNearestMatch
INFO: Unable to find CDP implementation matching 105.
Oct 19, 2022 7:31:20 AM org.openqa.selenium.chromium.ChromiumDriver lambda$new$0
WARNING: Unable to find version of CDP to use for . You may need to include a dependency on a specific version of the CDP using something similar to `org.seleniumhq.selenium:selenium-devtools-v86:4.0.0-alpha-7` where the version ("v86") matches the version of the chromium-based browser you're using and the version number of the artifact is the same as Selenium's.
]]></system-err>
  </testcase>
  <testcase name="createLeadTest" classname="testcases.CreateLeadTest" time="0">
    <skipped message="Skipping the test as runmode is N"/>
    <system-out><![CDATA[ApplicationKeywords constructor
https://suite8demo.suiteondemand.com
https://suite8demo.suiteondemand.com
null
]]></system-out>
  </testcase>
  <testcase name="deleteLeadTest" classname="testcases.DeleteLeadTest" time="32.6">
    <failure message="The following asserts failed:&#10;	Element not present username_name" type="java.lang.AssertionError"><![CDATA[java.lang.AssertionError: 
The following asserts failed:
	Element not present username_name
	at testcases.DeleteLeadTest.deleteLeadTest(DeleteLeadTest.java:41)
]]></failure>
    <system-out><![CDATA[{"test_data":[{"runmode":"Y","lead_name":"Glenn Harner"}]}
1
ApplicationKeywords constructor
https://suite8demo.suiteondemand.com
https://suite8demo.suiteondemand.com
null
]]></system-out>
    <system-err><![CDATA[Starting ChromeDriver 105.0.5195.52 (412c95e518836d8a7d97250d62b29c2ae6a26a85-refs/branch-heads/5195@{#853}) on port 16711
Only local connections are allowed.
Please see https://chromedriver.chromium.org/security-considerations for suggestions on keeping ChromeDriver safe.
ChromeDriver was started successfully.
Oct 19, 2022 7:31:43 AM org.openqa.selenium.remote.ProtocolHandshake createSession
INFO: Detected dialect: W3C
Oct 19, 2022 7:31:43 AM org.openqa.selenium.devtools.CdpVersionFinder findNearestMatch
WARNING: Unable to find an exact match for CDP version 105, so returning the closest version found: a no-op implementation
Oct 19, 2022 7:31:43 AM org.openqa.selenium.devtools.CdpVersionFinder findNearestMatch
INFO: Unable to find CDP implementation matching 105.
Oct 19, 2022 7:31:43 AM org.openqa.selenium.chromium.ChromiumDriver lambda$new$0
WARNING: Unable to find version of CDP to use for . You may need to include a dependency on a specific version of the CDP using something similar to `org.seleniumhq.selenium:selenium-devtools-v86:4.0.0-alpha-7` where the version ("v86") matches the version of the chromium-based browser you're using and the version number of the artifact is the same as Selenium's.
]]></system-err>
  </testcase>
</testsuite>