<?xml version="1.0" encoding="UTF-8"?>
<!-- Generated by org.testng.reporters.JUnitReportReporter -->
<testsuite hostname="DESKTOP-BKVHFCN" failures="0" tests="2" name="testcases.CreateLeadTest" time="31.791" errors="0" timestamp="2022-10-18T07:18:46 IST" skipped="1">
  <testcase classname="testcases.CreateLeadTest" name="createLeadTest" time="30.491"/>
  <testcase classname="testcases.CreateLeadTest" name="createLeadTest" time="1.300">
    <skipped/>
  </testcase> <!-- createLeadTest -->
</testsuite> <!-- testcases.CreateLeadTest -->
