<?xml version="1.0" encoding="UTF-8"?>
<!-- Generated by org.testng.reporters.JUnitReportReporter -->
<testsuite hostname="DESKTOP-BKVHFCN" failures="0" tests="1" name="testcases.DeleteLeadTest" time="34.748" errors="0" timestamp="2022-10-18T07:26:01 IST" skipped="0">
  <testcase classname="testcases.DeleteLeadTest" name="deleteLeadTest" time="34.748"/>
</testsuite> <!-- testcases.DeleteLeadTest -->
